      ========================================================================
      *** PWTK-2.0    (PWscf ToolKit: a Tcl scripting environment)
      ========================================================================
      (for more info about PWTK, see http://pwtk.ijs.si/)

      Running on host: orfoz160
      PWTK: /arf/home/amuhaymin/pwtk-2.0
      Date: Tue Jun 25 12:00:45 PM +03 2024
      PID:  442209


TEST-1> ======================================================================
TEST-1> *** Convergence test #1: BASIS SET(ecutwfc & dual)
TEST-1> ======================================================================

TEST-1> dual = ecutrho / ecutwfc
      Executable: /arf/sw/apps/espresso/7.2-oneapi-2023.0/bin/pw.x
      Running: mpirun pw.x -npool 10 -in scf.80.in > scf.80.out

      Executable: /arf/sw/apps/espresso/7.2-oneapi-2023.0/bin/pw.x
      Running: mpirun pw.x -npool 10 -in scf.90.in > scf.90.out

      Executable: /arf/sw/apps/espresso/7.2-oneapi-2023.0/bin/pw.x
      Running: mpirun pw.x -npool 10 -in scf.100.in > scf.100.out

      Executable: /arf/sw/apps/espresso/7.2-oneapi-2023.0/bin/pw.x
      Running: mpirun pw.x -npool 10 -in scf.110.in > scf.110.out

      Executable: /arf/sw/apps/espresso/7.2-oneapi-2023.0/bin/pw.x
      Running: mpirun pw.x -npool 10 -in scf.120.in > scf.120.out

      Executable: /arf/sw/apps/espresso/7.2-oneapi-2023.0/bin/pw.x
      Running: mpirun pw.x -npool 10 -in scf.130.in > scf.130.out

      Executable: /arf/sw/apps/espresso/7.2-oneapi-2023.0/bin/pw.x
      Running: mpirun pw.x -npool 10 -in scf.140.in > scf.140.out

      Executable: /arf/sw/apps/espresso/7.2-oneapi-2023.0/bin/pw.x
      Running: mpirun pw.x -npool 10 -in scf.150.in > scf.150.out

