      ========================================================================
      *** PWTK-2.0    (PWscf ToolKit: a Tcl scripting environment)
      ========================================================================
      (for more info about PWTK, see http://pwtk.ijs.si/)

      Running on host: orfoz384
      PWTK: /arf/home/amuhaymin/pwtk-2.0
      Date: Tue Jun 25 12:01:37 PM +03 2024
      PID:  97156


TEST-1> ======================================================================
TEST-1> *** Convergence test #1: BASIS SET(ecutwfc & dual)
TEST-1> ======================================================================

TEST-1> dual = ecutrho / ecutwfc
      Executable: /arf/sw/apps/espresso/7.2-oneapi-2023.0/bin/pw.x
      Running: mpirun pw.x -npool 10 -in scf.85.in > scf.85.out

      Executable: /arf/sw/apps/espresso/7.2-oneapi-2023.0/bin/pw.x
      Running: mpirun pw.x -npool 10 -in scf.95.in > scf.95.out

      Executable: /arf/sw/apps/espresso/7.2-oneapi-2023.0/bin/pw.x
      Running: mpirun pw.x -npool 10 -in scf.105.in > scf.105.out

      Executable: /arf/sw/apps/espresso/7.2-oneapi-2023.0/bin/pw.x
      Running: mpirun pw.x -npool 10 -in scf.115.in > scf.115.out

      Executable: /arf/sw/apps/espresso/7.2-oneapi-2023.0/bin/pw.x
      Running: mpirun pw.x -npool 10 -in scf.125.in > scf.125.out

      Executable: /arf/sw/apps/espresso/7.2-oneapi-2023.0/bin/pw.x
      Running: mpirun pw.x -npool 10 -in scf.135.in > scf.135.out

      Executable: /arf/sw/apps/espresso/7.2-oneapi-2023.0/bin/pw.x
      Running: mpirun pw.x -npool 10 -in scf.145.in > scf.145.out

      Executable: /arf/sw/apps/espresso/7.2-oneapi-2023.0/bin/pw.x
      Running: mpirun pw.x -npool 10 -in scf.155.in > scf.155.out

TEST-1> Total energies written to :  Etot-vs-ecutwfc2.dat


      Job done.
      --
