      ========================================================================
      *** PWTK-2.0    (PWscf ToolKit: a Tcl scripting environment)
      ========================================================================
      (for more info about PWTK, see http://pwtk.ijs.si/)

      Running on host: unam-asus
      PWTK: /home/abdul/opt/pwtk-2.0
      Date: Mon Apr 15 06:10:33 PM +03 2024
      PID:  16830


TEST-1> ======================================================================
TEST-1> *** Convergence test #1: BASIS SET(ecutwfc)
TEST-1> ======================================================================

      Executable: /usr/local/bin/pw.x
      Running: mpirun -np 10 pw.x -in scf.80.in > scf.80.out

      Executable: /usr/local/bin/pw.x
      Running: mpirun -np 10 pw.x -in scf.90.in > scf.90.out

      Executable: /usr/local/bin/pw.x
      Running: mpirun -np 10 pw.x -in scf.100.in > scf.100.out

      Executable: /usr/local/bin/pw.x
      Running: mpirun -np 10 pw.x -in scf.110.in > scf.110.out

      Executable: /usr/local/bin/pw.x
      Running: mpirun -np 10 pw.x -in scf.120.in > scf.120.out

      Executable: /usr/local/bin/pw.x
      Running: mpirun -np 10 pw.x -in scf.130.in > scf.130.out

      Executable: /usr/local/bin/pw.x
      Running: mpirun -np 10 pw.x -in scf.140.in > scf.140.out

TEST-1> Total energies written to :  Etot-vs-ecutwfc.dat


      Job done.
      --
