
     Program POST-PROC v.7.2 starts on  7Jul2024 at  3:40:17 

     This program is part of the open-source Quantum ESPRESSO suite
     for quantum simulation of materials; please cite
         "P. Giannozzi et al., J. Phys.:Condens. Matter 21 395502 (2009);
         "P. Giannozzi et al., J. Phys.:Condens. Matter 29 465901 (2017);
         "P. Giannozzi et al., J. Chem. Phys. 152 154105 (2020);
          URL http://www.quantum-espresso.org", 
     in publications or presentations arising from this work. More details at
     http://www.quantum-espresso.org/quote

     Parallel version (MPI), running on   112 processors

     MPI processes distributed on     1 nodes
     R & G space division:  proc/nbgrp/npool/nimage =     112
     218949 MiB available memory on the printing compute node when the environment starts
 

     Reading xml data from directory:

     out/Co_vac_q0.save/
     Message from routine  set_nelup_neldw :
     BEWARE: non-integer number of up and down electrons!
     file S.pbe-n-kjpaw_psl.1.0.0.UPF: wavefunction(s)  3S 3P renormalized
     file Zn.pbe-dnl-kjpaw_psl.1.0.0.UPF: wavefunction(s)  4S 3D renormalized
     file Co.pbe-spn-kjpaw_psl.0.3.1.UPF: wavefunction(s)  3P 3D renormalized

     IMPORTANT: XC functional enforced from input :
     Exchange-correlation= PBE
                           (   1   4   3   4   0   0   0)
     Any further DFT definition will be discarded
     Please, verify this is what you really want

 
     Parallelization info
     --------------------
     sticks:   dense  smooth     PW     G-vecs:    dense   smooth      PW
     Min         180     180     46                19282    19282    2562
     Max         181     181     47                19291    19291    2573
     Sum       20217   20217   5249              2160009  2160009  287777
 
     Using Slab Decomposition
 

     Check: negative core charge=   -0.000001

     Calling punch_plot, plot_num =  11
     Writing data to file  Co_vac_in_ZnS.q0.pp
     Reading data from file  Co_vac_in_ZnS.q0.pp

     Writing data to be plotted to file 4.v_elec.Co_vac_in_ZnS.q0.cube
     Plot Type: 3D                     Output format: Gaussian cube
 
     POST-PROC    :      4.93s CPU      6.47s WALL

 
   This run was terminated on:   3:40:24   7Jul2024            

=------------------------------------------------------------------------------=
   JOB DONE.
=------------------------------------------------------------------------------=
