      ========================================================================
      *** PWTK-2.0    (PWscf ToolKit: a Tcl scripting environment)
      ========================================================================
      (for more info about PWTK, see http://pwtk.ijs.si/)

      Running on host: unam-asus
      PWTK: /home/abdul/opt/pwtk-2.0
      Date: Tue Apr 16 06:44:30 AM +03 2024
      PID:  27773


TEST-3> ======================================================================
TEST-3> *** Convergence test #3: K_POINTS
TEST-3> ======================================================================

      Executable: /usr/local/bin/pw.x
      Running: mpirun -np 10 pw.x -in scf.k-6.in > scf.k-6.out

      Executable: /usr/local/bin/pw.x
      Running: mpirun -np 10 pw.x -in scf.k-8.in > scf.k-8.out

      Executable: /usr/local/bin/pw.x
      Running: mpirun -np 10 pw.x -in scf.k-12.in > scf.k-12.out

      Executable: /usr/local/bin/pw.x
      Running: mpirun -np 10 pw.x -in scf.k-14.in > scf.k-14.out

      Executable: /usr/local/bin/pw.x
      Running: mpirun -np 10 pw.x -in scf.k-16.in > scf.k-16.out

TEST-3> Total energies written to :  Etot-vs-kpoint.dat


      Job done.
      --
