
------------------------------------------------------------------------
WARNING: from bin_dir: bin_dir "/truba/sw/centos7.9/app/espresso/7.2-impi-oneapi-2022.2-GOLD/bin/pw.x" does not exist.
------------------------------------------------------------------------

      ========================================================================
      *** PWTK-2.0    (PWscf ToolKit: a Tcl scripting environment)
      ========================================================================
      (for more info about PWTK, see http://pwtk.ijs.si/)

      Running on host: hamsi18.yonetim
      PWTK: /truba/home/amuhaymin/opt/pwtk-2.0
      Date: Fri Mar 22 00:50:00 +03 2024
      PID:  76329


TEST> ======================================================================
TEST> *** Convergence test : SMEARING & DEGAUSS
TEST> ======================================================================

      Executable: /truba/sw/centos7.9/app/espresso/7.2-impi-oneapi-2022.2-GOLD/bin/pw.x
      Running: mpirun pw.x -in scf.m-p.degauss-0.01.in > scf.m-p.degauss-0.01.out

      Executable: /truba/sw/centos7.9/app/espresso/7.2-impi-oneapi-2022.2-GOLD/bin/pw.x
      Running: mpirun pw.x -in scf.m-p.degauss-0.007.in > scf.m-p.degauss-0.007.out

      Executable: /truba/sw/centos7.9/app/espresso/7.2-impi-oneapi-2022.2-GOLD/bin/pw.x
      Running: mpirun pw.x -in scf.m-p.degauss-0.004.in > scf.m-p.degauss-0.004.out

      Executable: /truba/sw/centos7.9/app/espresso/7.2-impi-oneapi-2022.2-GOLD/bin/pw.x
      Running: mpirun pw.x -in scf.m-p.degauss-0.001.in > scf.m-p.degauss-0.001.out

TEST> Total energies written to :  m-p.dat

      Executable: /truba/sw/centos7.9/app/espresso/7.2-impi-oneapi-2022.2-GOLD/bin/pw.x
      Running: mpirun pw.x -in scf.m-v.degauss-0.01.in > scf.m-v.degauss-0.01.out

      Executable: /truba/sw/centos7.9/app/espresso/7.2-impi-oneapi-2022.2-GOLD/bin/pw.x
      Running: mpirun pw.x -in scf.m-v.degauss-0.007.in > scf.m-v.degauss-0.007.out

      Executable: /truba/sw/centos7.9/app/espresso/7.2-impi-oneapi-2022.2-GOLD/bin/pw.x
      Running: mpirun pw.x -in scf.m-v.degauss-0.004.in > scf.m-v.degauss-0.004.out

      Executable: /truba/sw/centos7.9/app/espresso/7.2-impi-oneapi-2022.2-GOLD/bin/pw.x
      Running: mpirun pw.x -in scf.m-v.degauss-0.001.in > scf.m-v.degauss-0.001.out

TEST> Total energies written to :  m-v.dat

      Executable: /truba/sw/centos7.9/app/espresso/7.2-impi-oneapi-2022.2-GOLD/bin/pw.x
      Running: mpirun pw.x -in scf.gauss.degauss-0.01.in > scf.gauss.degauss-0.01.out

      Executable: /truba/sw/centos7.9/app/espresso/7.2-impi-oneapi-2022.2-GOLD/bin/pw.x
      Running: mpirun pw.x -in scf.gauss.degauss-0.007.in > scf.gauss.degauss-0.007.out

      Executable: /truba/sw/centos7.9/app/espresso/7.2-impi-oneapi-2022.2-GOLD/bin/pw.x
      Running: mpirun pw.x -in scf.gauss.degauss-0.004.in > scf.gauss.degauss-0.004.out

      Executable: /truba/sw/centos7.9/app/espresso/7.2-impi-oneapi-2022.2-GOLD/bin/pw.x
      Running: mpirun pw.x -in scf.gauss.degauss-0.001.in > scf.gauss.degauss-0.001.out

TEST> Total energies written to :  gauss.dat


      Job done.
      --
