
     Program DOS v.7.2 starts on  7Jul2024 at  1:51:27 

     This program is part of the open-source Quantum ESPRESSO suite
     for quantum simulation of materials; please cite
         "P. Giannozzi et al., J. Phys.:Condens. Matter 21 395502 (2009);
         "P. Giannozzi et al., J. Phys.:Condens. Matter 29 465901 (2017);
         "P. Giannozzi et al., J. Chem. Phys. 152 154105 (2020);
          URL http://www.quantum-espresso.org", 
     in publications or presentations arising from this work. More details at
     http://www.quantum-espresso.org/quote

     Parallel version (MPI), running on   112 processors

     MPI processes distributed on     1 nodes
     R & G space division:  proc/nbgrp/npool/nimage =     112
     225736 MiB available memory on the printing compute node when the environment starts
 

     Reading xml data from directory:

     out/Fe_vac_qp1_unrlxd.save/
     Message from routine  set_nelup_neldw :
     BEWARE: non-integer number of up and down electrons!
     file S.pbe-n-kjpaw_psl.1.0.0.UPF: wavefunction(s)  3S 3P renormalized
     file Zn.pbe-dnl-kjpaw_psl.1.0.0.UPF: wavefunction(s)  4S 3D renormalized
     file Fe.pbe-spn-kjpaw_psl.1.0.0.UPF: wavefunction(s)  3P 3D renormalized

     IMPORTANT: XC functional enforced from input :
     Exchange-correlation= PBE
                           (   1   4   3   4   0   0   0)
     Any further DFT definition will be discarded
     Please, verify this is what you really want

 
     Parallelization info
     --------------------
     sticks:   dense  smooth     PW     G-vecs:    dense   smooth      PW
     Min         180     180     46                19282    19282    2562
     Max         181     181     47                19291    19291    2573
     Sum       20217   20217   5249              2160009  2160009  287777
 
     Using Slab Decomposition
 

     negative rho (up, down):  0.000E+00 2.682E-04

     Optimized tetrahedron method used

     [opt_tetra]  Optimized tetrahedron method is used.
 
     DOS          :     53.87s CPU     54.65s WALL

 
   This run was terminated on:   1:52:22   7Jul2024            

=------------------------------------------------------------------------------=
   JOB DONE.
=------------------------------------------------------------------------------=
