      ========================================================================
      *** PWTK-2.0    (PWscf ToolKit: a Tcl scripting environment)
      ========================================================================
      (for more info about PWTK, see http://pwtk.ijs.si/)

      Running on host: unam-asus
      PWTK: /home/abdul/opt/pwtk-2.0
      Date: Mon Apr 15 06:30:27 PM +03 2024
      PID:  19433


TEST-2> ======================================================================
TEST-2> *** Convergence test #2: BASIS SET(ecutrho)
TEST-2> ======================================================================

      Executable: /usr/local/bin/pw.x
      Running: mpirun -np 10 pw.x -in scf.300.in > scf.300.out

      Executable: /usr/local/bin/pw.x
      Running: mpirun -np 10 pw.x -in scf.350.in > scf.350.out

      Executable: /usr/local/bin/pw.x
      Running: mpirun -np 10 pw.x -in scf.400.in > scf.400.out

      Executable: /usr/local/bin/pw.x
      Running: mpirun -np 10 pw.x -in scf.450.in > scf.450.out

      Executable: /usr/local/bin/pw.x
      Running: mpirun -np 10 pw.x -in scf.500.in > scf.500.out

      Executable: /usr/local/bin/pw.x
      Running: mpirun -np 10 pw.x -in scf.550.in > scf.550.out

      Executable: /usr/local/bin/pw.x
      Running: mpirun -np 10 pw.x -in scf.600.in > scf.600.out

      Executable: /usr/local/bin/pw.x
      Running: mpirun -np 10 pw.x -in scf.650.in > scf.650.out

      Executable: /usr/local/bin/pw.x
      Running: mpirun -np 10 pw.x -in scf.700.in > scf.700.out

      Executable: /usr/local/bin/pw.x
      Running: mpirun -np 10 pw.x -in scf.750.in > scf.750.out

      Executable: /usr/local/bin/pw.x
      Running: mpirun -np 10 pw.x -in scf.800.in > scf.800.out

      Executable: /usr/local/bin/pw.x
      Running: mpirun -np 10 pw.x -in scf.850.in > scf.850.out

      Executable: /usr/local/bin/pw.x
      Running: mpirun -np 10 pw.x -in scf.900.in > scf.900.out

      Executable: /usr/local/bin/pw.x
      Running: mpirun -np 10 pw.x -in scf.950.in > scf.950.out

      Executable: /usr/local/bin/pw.x
      Running: mpirun -np 10 pw.x -in scf.1000.in > scf.1000.out

      Executable: /usr/local/bin/pw.x
      Running: mpirun -np 10 pw.x -in scf.1050.in > scf.1050.out

      Executable: /usr/local/bin/pw.x
      Running: mpirun -np 10 pw.x -in scf.1100.in > scf.1100.out

      Executable: /usr/local/bin/pw.x
      Running: mpirun -np 10 pw.x -in scf.1150.in > scf.1150.out

      Executable: /usr/local/bin/pw.x
      Running: mpirun -np 10 pw.x -in scf.1200.in > scf.1200.out

TEST-2> Total energies written to :  Etot-vs-ecutrho.dat


      Job done.
      --
