      ========================================================================
      *** PWTK-2.0    (PWscf ToolKit: a Tcl scripting environment)
      ========================================================================
      (for more info about PWTK, see http://pwtk.ijs.si/)

      Running on host: unam-asus
      PWTK: /home/abdul/opt/pwtk-2.0
      Date: Tue Apr 16 06:59:09 AM +03 2024
      PID:  28699


TEST-4> ======================================================================
TEST-4> *** Convergence test #4: SMEARING & DEGAUSS
TEST-4> ======================================================================

      Executable: /usr/local/bin/pw.x
      Running: mpirun -np 10 pw.x -in scf.gauss.degauss-0.05.in > scf.gauss.degauss-0.05.out

      Executable: /usr/local/bin/pw.x
      Running: mpirun -np 10 pw.x -in scf.gauss.degauss-0.007.in > scf.gauss.degauss-0.007.out

      Executable: /usr/local/bin/pw.x
      Running: mpirun -np 10 pw.x -in scf.gauss.degauss-0.004.in > scf.gauss.degauss-0.004.out

      Executable: /usr/local/bin/pw.x
      Running: mpirun -np 10 pw.x -in scf.gauss.degauss-0.001.in > scf.gauss.degauss-0.001.out

TEST-4> Total energies written to :  gauss.dat

      Executable: /usr/local/bin/pw.x
      Running: mpirun -np 10 pw.x -in scf.m-p.degauss-0.05.in > scf.m-p.degauss-0.05.out

      Executable: /usr/local/bin/pw.x
      Running: mpirun -np 10 pw.x -in scf.m-p.degauss-0.007.in > scf.m-p.degauss-0.007.out

      Executable: /usr/local/bin/pw.x
      Running: mpirun -np 10 pw.x -in scf.m-p.degauss-0.004.in > scf.m-p.degauss-0.004.out

      Executable: /usr/local/bin/pw.x
      Running: mpirun -np 10 pw.x -in scf.m-p.degauss-0.001.in > scf.m-p.degauss-0.001.out

TEST-4> Total energies written to :  m-p.dat

      Executable: /usr/local/bin/pw.x
      Running: mpirun -np 10 pw.x -in scf.m-v.degauss-0.05.in > scf.m-v.degauss-0.05.out

      Executable: /usr/local/bin/pw.x
      Running: mpirun -np 10 pw.x -in scf.m-v.degauss-0.007.in > scf.m-v.degauss-0.007.out

      Executable: /usr/local/bin/pw.x
      Running: mpirun -np 10 pw.x -in scf.m-v.degauss-0.004.in > scf.m-v.degauss-0.004.out

      Executable: /usr/local/bin/pw.x
      Running: mpirun -np 10 pw.x -in scf.m-v.degauss-0.001.in > scf.m-v.degauss-0.001.out

TEST-4> Total energies written to :  m-v.dat


      Job done.
      --
