SLURM_NODELIST orfoz[416-422]
NUMBER OF CORES 784
 
:: initializing oneAPI environment ...
   slurm_script: BASH_VERSION = 5.1.8(1)-release
   args: Using "$@" for setvars.sh arguments: 
:: advisor -- latest
:: ccl -- latest
:: clck -- latest
:: compiler -- latest
:: dal -- latest
:: debugger -- latest
:: dev-utilities -- latest
:: dnnl -- latest
:: dpcpp-ct -- latest
:: dpl -- latest
:: inspector -- latest
:: ipp -- latest
:: ippcp -- latest
:: ipp -- latest
:: itac -- latest
:: mkl -- latest
:: mpi -- latest
:: tbb -- latest
:: vpl -- latest
:: vtune -- latest
:: oneAPI environment initialized ::
 
Co_vac_in_ZnS.q0.unrlxd.pdos_atm#10(Zn)_wfc#1(s)
Co_vac_in_ZnS.q0.unrlxd.pdos_atm#10(Zn)_wfc#2(p)
Co_vac_in_ZnS.q0.unrlxd.pdos_atm#10(Zn)_wfc#3(d)
Co_vac_in_ZnS.q0.unrlxd.pdos_atm#11(Zn)_wfc#1(s)
Co_vac_in_ZnS.q0.unrlxd.pdos_atm#11(Zn)_wfc#2(p)
Co_vac_in_ZnS.q0.unrlxd.pdos_atm#11(Zn)_wfc#3(d)
Co_vac_in_ZnS.q0.unrlxd.pdos_atm#12(Zn)_wfc#1(s)
Co_vac_in_ZnS.q0.unrlxd.pdos_atm#12(Zn)_wfc#2(p)
Co_vac_in_ZnS.q0.unrlxd.pdos_atm#12(Zn)_wfc#3(d)
Co_vac_in_ZnS.q0.unrlxd.pdos_atm#13(S)_wfc#1(s)
Co_vac_in_ZnS.q0.unrlxd.pdos_atm#13(S)_wfc#2(p)
Co_vac_in_ZnS.q0.unrlxd.pdos_atm#14(S)_wfc#1(s)
Co_vac_in_ZnS.q0.unrlxd.pdos_atm#14(S)_wfc#2(p)
Co_vac_in_ZnS.q0.unrlxd.pdos_atm#15(S)_wfc#1(s)
Co_vac_in_ZnS.q0.unrlxd.pdos_atm#15(S)_wfc#2(p)
Co_vac_in_ZnS.q0.unrlxd.pdos_atm#16(S)_wfc#1(s)
Co_vac_in_ZnS.q0.unrlxd.pdos_atm#16(S)_wfc#2(p)
Co_vac_in_ZnS.q0.unrlxd.pdos_atm#17(Zn)_wfc#1(s)
Co_vac_in_ZnS.q0.unrlxd.pdos_atm#17(Zn)_wfc#2(p)
Co_vac_in_ZnS.q0.unrlxd.pdos_atm#17(Zn)_wfc#3(d)
Co_vac_in_ZnS.q0.unrlxd.pdos_atm#18(Zn)_wfc#1(s)
Co_vac_in_ZnS.q0.unrlxd.pdos_atm#18(Zn)_wfc#2(p)
Co_vac_in_ZnS.q0.unrlxd.pdos_atm#18(Zn)_wfc#3(d)
Co_vac_in_ZnS.q0.unrlxd.pdos_atm#19(Zn)_wfc#1(s)
Co_vac_in_ZnS.q0.unrlxd.pdos_atm#19(Zn)_wfc#2(p)
Co_vac_in_ZnS.q0.unrlxd.pdos_atm#19(Zn)_wfc#3(d)
Co_vac_in_ZnS.q0.unrlxd.pdos_atm#1(Zn)_wfc#1(s)
Co_vac_in_ZnS.q0.unrlxd.pdos_atm#1(Zn)_wfc#2(p)
Co_vac_in_ZnS.q0.unrlxd.pdos_atm#1(Zn)_wfc#3(d)
Co_vac_in_ZnS.q0.unrlxd.pdos_atm#20(Zn)_wfc#1(s)
Co_vac_in_ZnS.q0.unrlxd.pdos_atm#20(Zn)_wfc#2(p)
Co_vac_in_ZnS.q0.unrlxd.pdos_atm#20(Zn)_wfc#3(d)
Co_vac_in_ZnS.q0.unrlxd.pdos_atm#21(S)_wfc#1(s)
Co_vac_in_ZnS.q0.unrlxd.pdos_atm#21(S)_wfc#2(p)
Co_vac_in_ZnS.q0.unrlxd.pdos_atm#22(S)_wfc#1(s)
Co_vac_in_ZnS.q0.unrlxd.pdos_atm#22(S)_wfc#2(p)
Co_vac_in_ZnS.q0.unrlxd.pdos_atm#23(S)_wfc#1(s)
Co_vac_in_ZnS.q0.unrlxd.pdos_atm#23(S)_wfc#2(p)
Co_vac_in_ZnS.q0.unrlxd.pdos_atm#24(S)_wfc#1(s)
Co_vac_in_ZnS.q0.unrlxd.pdos_atm#24(S)_wfc#2(p)
Co_vac_in_ZnS.q0.unrlxd.pdos_atm#25(Zn)_wfc#1(s)
Co_vac_in_ZnS.q0.unrlxd.pdos_atm#25(Zn)_wfc#2(p)
Co_vac_in_ZnS.q0.unrlxd.pdos_atm#25(Zn)_wfc#3(d)
Co_vac_in_ZnS.q0.unrlxd.pdos_atm#26(Zn)_wfc#1(s)
Co_vac_in_ZnS.q0.unrlxd.pdos_atm#26(Zn)_wfc#2(p)
Co_vac_in_ZnS.q0.unrlxd.pdos_atm#26(Zn)_wfc#3(d)
Co_vac_in_ZnS.q0.unrlxd.pdos_atm#27(Zn)_wfc#1(s)
Co_vac_in_ZnS.q0.unrlxd.pdos_atm#27(Zn)_wfc#2(p)
Co_vac_in_ZnS.q0.unrlxd.pdos_atm#27(Zn)_wfc#3(d)
Co_vac_in_ZnS.q0.unrlxd.pdos_atm#28(Zn)_wfc#1(s)
Co_vac_in_ZnS.q0.unrlxd.pdos_atm#28(Zn)_wfc#2(p)
Co_vac_in_ZnS.q0.unrlxd.pdos_atm#28(Zn)_wfc#3(d)
Co_vac_in_ZnS.q0.unrlxd.pdos_atm#29(S)_wfc#1(s)
Co_vac_in_ZnS.q0.unrlxd.pdos_atm#29(S)_wfc#2(p)
Co_vac_in_ZnS.q0.unrlxd.pdos_atm#2(Zn)_wfc#1(s)
Co_vac_in_ZnS.q0.unrlxd.pdos_atm#2(Zn)_wfc#2(p)
Co_vac_in_ZnS.q0.unrlxd.pdos_atm#2(Zn)_wfc#3(d)
Co_vac_in_ZnS.q0.unrlxd.pdos_atm#30(S)_wfc#1(s)
Co_vac_in_ZnS.q0.unrlxd.pdos_atm#30(S)_wfc#2(p)
Co_vac_in_ZnS.q0.unrlxd.pdos_atm#31(S)_wfc#1(s)
Co_vac_in_ZnS.q0.unrlxd.pdos_atm#31(S)_wfc#2(p)
Co_vac_in_ZnS.q0.unrlxd.pdos_atm#32(S)_wfc#1(s)
Co_vac_in_ZnS.q0.unrlxd.pdos_atm#32(S)_wfc#2(p)
Co_vac_in_ZnS.q0.unrlxd.pdos_atm#33(Zn)_wfc#1(s)
Co_vac_in_ZnS.q0.unrlxd.pdos_atm#33(Zn)_wfc#2(p)
Co_vac_in_ZnS.q0.unrlxd.pdos_atm#33(Zn)_wfc#3(d)
Co_vac_in_ZnS.q0.unrlxd.pdos_atm#34(Zn)_wfc#1(s)
Co_vac_in_ZnS.q0.unrlxd.pdos_atm#34(Zn)_wfc#2(p)
Co_vac_in_ZnS.q0.unrlxd.pdos_atm#34(Zn)_wfc#3(d)
Co_vac_in_ZnS.q0.unrlxd.pdos_atm#35(Zn)_wfc#1(s)
Co_vac_in_ZnS.q0.unrlxd.pdos_atm#35(Zn)_wfc#2(p)
Co_vac_in_ZnS.q0.unrlxd.pdos_atm#35(Zn)_wfc#3(d)
Co_vac_in_ZnS.q0.unrlxd.pdos_atm#36(Zn)_wfc#1(s)
Co_vac_in_ZnS.q0.unrlxd.pdos_atm#36(Zn)_wfc#2(p)
Co_vac_in_ZnS.q0.unrlxd.pdos_atm#36(Zn)_wfc#3(d)
Co_vac_in_ZnS.q0.unrlxd.pdos_atm#37(S)_wfc#1(s)
Co_vac_in_ZnS.q0.unrlxd.pdos_atm#37(S)_wfc#2(p)
Co_vac_in_ZnS.q0.unrlxd.pdos_atm#38(S)_wfc#1(s)
Co_vac_in_ZnS.q0.unrlxd.pdos_atm#38(S)_wfc#2(p)
Co_vac_in_ZnS.q0.unrlxd.pdos_atm#39(S)_wfc#1(s)
Co_vac_in_ZnS.q0.unrlxd.pdos_atm#39(S)_wfc#2(p)
Co_vac_in_ZnS.q0.unrlxd.pdos_atm#3(Zn)_wfc#1(s)
Co_vac_in_ZnS.q0.unrlxd.pdos_atm#3(Zn)_wfc#2(p)
Co_vac_in_ZnS.q0.unrlxd.pdos_atm#3(Zn)_wfc#3(d)
Co_vac_in_ZnS.q0.unrlxd.pdos_atm#40(S)_wfc#1(s)
Co_vac_in_ZnS.q0.unrlxd.pdos_atm#40(S)_wfc#2(p)
Co_vac_in_ZnS.q0.unrlxd.pdos_atm#41(Zn)_wfc#1(s)
Co_vac_in_ZnS.q0.unrlxd.pdos_atm#41(Zn)_wfc#2(p)
Co_vac_in_ZnS.q0.unrlxd.pdos_atm#41(Zn)_wfc#3(d)
Co_vac_in_ZnS.q0.unrlxd.pdos_atm#42(Zn)_wfc#1(s)
Co_vac_in_ZnS.q0.unrlxd.pdos_atm#42(Zn)_wfc#2(p)
Co_vac_in_ZnS.q0.unrlxd.pdos_atm#42(Zn)_wfc#3(d)
Co_vac_in_ZnS.q0.unrlxd.pdos_atm#43(Zn)_wfc#1(s)
Co_vac_in_ZnS.q0.unrlxd.pdos_atm#43(Zn)_wfc#2(p)
Co_vac_in_ZnS.q0.unrlxd.pdos_atm#43(Zn)_wfc#3(d)
Co_vac_in_ZnS.q0.unrlxd.pdos_atm#44(Zn)_wfc#1(s)
Co_vac_in_ZnS.q0.unrlxd.pdos_atm#44(Zn)_wfc#2(p)
Co_vac_in_ZnS.q0.unrlxd.pdos_atm#44(Zn)_wfc#3(d)
Co_vac_in_ZnS.q0.unrlxd.pdos_atm#45(S)_wfc#1(s)
Co_vac_in_ZnS.q0.unrlxd.pdos_atm#45(S)_wfc#2(p)
Co_vac_in_ZnS.q0.unrlxd.pdos_atm#46(S)_wfc#1(s)
Co_vac_in_ZnS.q0.unrlxd.pdos_atm#46(S)_wfc#2(p)
Co_vac_in_ZnS.q0.unrlxd.pdos_atm#47(S)_wfc#1(s)
Co_vac_in_ZnS.q0.unrlxd.pdos_atm#47(S)_wfc#2(p)
Co_vac_in_ZnS.q0.unrlxd.pdos_atm#48(S)_wfc#1(s)
Co_vac_in_ZnS.q0.unrlxd.pdos_atm#48(S)_wfc#2(p)
Co_vac_in_ZnS.q0.unrlxd.pdos_atm#49(Zn)_wfc#1(s)
Co_vac_in_ZnS.q0.unrlxd.pdos_atm#49(Zn)_wfc#2(p)
Co_vac_in_ZnS.q0.unrlxd.pdos_atm#49(Zn)_wfc#3(d)
Co_vac_in_ZnS.q0.unrlxd.pdos_atm#4(Zn)_wfc#1(s)
Co_vac_in_ZnS.q0.unrlxd.pdos_atm#4(Zn)_wfc#2(p)
Co_vac_in_ZnS.q0.unrlxd.pdos_atm#4(Zn)_wfc#3(d)
Co_vac_in_ZnS.q0.unrlxd.pdos_atm#50(Zn)_wfc#1(s)
Co_vac_in_ZnS.q0.unrlxd.pdos_atm#50(Zn)_wfc#2(p)
Co_vac_in_ZnS.q0.unrlxd.pdos_atm#50(Zn)_wfc#3(d)
Co_vac_in_ZnS.q0.unrlxd.pdos_atm#51(Zn)_wfc#1(s)
Co_vac_in_ZnS.q0.unrlxd.pdos_atm#51(Zn)_wfc#2(p)
Co_vac_in_ZnS.q0.unrlxd.pdos_atm#51(Zn)_wfc#3(d)
Co_vac_in_ZnS.q0.unrlxd.pdos_atm#52(Zn)_wfc#1(s)
Co_vac_in_ZnS.q0.unrlxd.pdos_atm#52(Zn)_wfc#2(p)
Co_vac_in_ZnS.q0.unrlxd.pdos_atm#52(Zn)_wfc#3(d)
Co_vac_in_ZnS.q0.unrlxd.pdos_atm#53(S)_wfc#1(s)
Co_vac_in_ZnS.q0.unrlxd.pdos_atm#53(S)_wfc#2(p)
Co_vac_in_ZnS.q0.unrlxd.pdos_atm#54(S)_wfc#1(s)
Co_vac_in_ZnS.q0.unrlxd.pdos_atm#54(S)_wfc#2(p)
Co_vac_in_ZnS.q0.unrlxd.pdos_atm#55(S)_wfc#1(s)
Co_vac_in_ZnS.q0.unrlxd.pdos_atm#55(S)_wfc#2(p)
Co_vac_in_ZnS.q0.unrlxd.pdos_atm#56(S)_wfc#1(s)
Co_vac_in_ZnS.q0.unrlxd.pdos_atm#56(S)_wfc#2(p)
Co_vac_in_ZnS.q0.unrlxd.pdos_atm#57(Co)_wfc#1(s)
Co_vac_in_ZnS.q0.unrlxd.pdos_atm#57(Co)_wfc#2(s)
Co_vac_in_ZnS.q0.unrlxd.pdos_atm#57(Co)_wfc#3(p)
Co_vac_in_ZnS.q0.unrlxd.pdos_atm#57(Co)_wfc#4(d)
Co_vac_in_ZnS.q0.unrlxd.pdos_atm#58(Zn)_wfc#1(s)
Co_vac_in_ZnS.q0.unrlxd.pdos_atm#58(Zn)_wfc#2(p)
Co_vac_in_ZnS.q0.unrlxd.pdos_atm#58(Zn)_wfc#3(d)
Co_vac_in_ZnS.q0.unrlxd.pdos_atm#59(Zn)_wfc#1(s)
Co_vac_in_ZnS.q0.unrlxd.pdos_atm#59(Zn)_wfc#2(p)
Co_vac_in_ZnS.q0.unrlxd.pdos_atm#59(Zn)_wfc#3(d)
Co_vac_in_ZnS.q0.unrlxd.pdos_atm#5(S)_wfc#1(s)
Co_vac_in_ZnS.q0.unrlxd.pdos_atm#5(S)_wfc#2(p)
Co_vac_in_ZnS.q0.unrlxd.pdos_atm#60(Zn)_wfc#1(s)
Co_vac_in_ZnS.q0.unrlxd.pdos_atm#60(Zn)_wfc#2(p)
Co_vac_in_ZnS.q0.unrlxd.pdos_atm#60(Zn)_wfc#3(d)
Co_vac_in_ZnS.q0.unrlxd.pdos_atm#61(S)_wfc#1(s)
Co_vac_in_ZnS.q0.unrlxd.pdos_atm#61(S)_wfc#2(p)
Co_vac_in_ZnS.q0.unrlxd.pdos_atm#62(S)_wfc#1(s)
Co_vac_in_ZnS.q0.unrlxd.pdos_atm#62(S)_wfc#2(p)
Co_vac_in_ZnS.q0.unrlxd.pdos_atm#63(S)_wfc#1(s)
Co_vac_in_ZnS.q0.unrlxd.pdos_atm#63(S)_wfc#2(p)
Co_vac_in_ZnS.q0.unrlxd.pdos_atm#6(S)_wfc#1(s)
Co_vac_in_ZnS.q0.unrlxd.pdos_atm#6(S)_wfc#2(p)
Co_vac_in_ZnS.q0.unrlxd.pdos_atm#7(S)_wfc#1(s)
Co_vac_in_ZnS.q0.unrlxd.pdos_atm#7(S)_wfc#2(p)
Co_vac_in_ZnS.q0.unrlxd.pdos_atm#8(S)_wfc#1(s)
Co_vac_in_ZnS.q0.unrlxd.pdos_atm#8(S)_wfc#2(p)
Co_vac_in_ZnS.q0.unrlxd.pdos_atm#9(Zn)_wfc#1(s)
Co_vac_in_ZnS.q0.unrlxd.pdos_atm#9(Zn)_wfc#2(p)
Co_vac_in_ZnS.q0.unrlxd.pdos_atm#9(Zn)_wfc#3(d)
Co_vac_in_ZnS.q0.unrlxd.pdos_tot
-rw-r--r-- amuhaymin/amuhaymin 143312 2024-07-07 02:04 Co_vac_in_ZnS.q0.unrlxd.pdos_atm#10(Zn)_wfc#1(s)
-rw-r--r-- amuhaymin/amuhaymin 262288 2024-07-07 02:04 Co_vac_in_ZnS.q0.unrlxd.pdos_atm#10(Zn)_wfc#2(p)
-rw-r--r-- amuhaymin/amuhaymin 381264 2024-07-07 02:04 Co_vac_in_ZnS.q0.unrlxd.pdos_atm#10(Zn)_wfc#3(d)
-rw-r--r-- amuhaymin/amuhaymin 143312 2024-07-07 02:04 Co_vac_in_ZnS.q0.unrlxd.pdos_atm#11(Zn)_wfc#1(s)
-rw-r--r-- amuhaymin/amuhaymin 262288 2024-07-07 02:04 Co_vac_in_ZnS.q0.unrlxd.pdos_atm#11(Zn)_wfc#2(p)
-rw-r--r-- amuhaymin/amuhaymin 381264 2024-07-07 02:04 Co_vac_in_ZnS.q0.unrlxd.pdos_atm#11(Zn)_wfc#3(d)
-rw-r--r-- amuhaymin/amuhaymin 143312 2024-07-07 02:04 Co_vac_in_ZnS.q0.unrlxd.pdos_atm#12(Zn)_wfc#1(s)
-rw-r--r-- amuhaymin/amuhaymin 262288 2024-07-07 02:04 Co_vac_in_ZnS.q0.unrlxd.pdos_atm#12(Zn)_wfc#2(p)
-rw-r--r-- amuhaymin/amuhaymin 381264 2024-07-07 02:04 Co_vac_in_ZnS.q0.unrlxd.pdos_atm#12(Zn)_wfc#3(d)
-rw-r--r-- amuhaymin/amuhaymin 143312 2024-07-07 02:04 Co_vac_in_ZnS.q0.unrlxd.pdos_atm#13(S)_wfc#1(s)
-rw-r--r-- amuhaymin/amuhaymin 262288 2024-07-07 02:04 Co_vac_in_ZnS.q0.unrlxd.pdos_atm#13(S)_wfc#2(p)
-rw-r--r-- amuhaymin/amuhaymin 143312 2024-07-07 02:04 Co_vac_in_ZnS.q0.unrlxd.pdos_atm#14(S)_wfc#1(s)
-rw-r--r-- amuhaymin/amuhaymin 262288 2024-07-07 02:04 Co_vac_in_ZnS.q0.unrlxd.pdos_atm#14(S)_wfc#2(p)
-rw-r--r-- amuhaymin/amuhaymin 143312 2024-07-07 02:04 Co_vac_in_ZnS.q0.unrlxd.pdos_atm#15(S)_wfc#1(s)
-rw-r--r-- amuhaymin/amuhaymin 262288 2024-07-07 02:04 Co_vac_in_ZnS.q0.unrlxd.pdos_atm#15(S)_wfc#2(p)
-rw-r--r-- amuhaymin/amuhaymin 143312 2024-07-07 02:04 Co_vac_in_ZnS.q0.unrlxd.pdos_atm#16(S)_wfc#1(s)
-rw-r--r-- amuhaymin/amuhaymin 262288 2024-07-07 02:04 Co_vac_in_ZnS.q0.unrlxd.pdos_atm#16(S)_wfc#2(p)
-rw-r--r-- amuhaymin/amuhaymin 143312 2024-07-07 02:04 Co_vac_in_ZnS.q0.unrlxd.pdos_atm#17(Zn)_wfc#1(s)
-rw-r--r-- amuhaymin/amuhaymin 262288 2024-07-07 02:04 Co_vac_in_ZnS.q0.unrlxd.pdos_atm#17(Zn)_wfc#2(p)
-rw-r--r-- amuhaymin/amuhaymin 381264 2024-07-07 02:04 Co_vac_in_ZnS.q0.unrlxd.pdos_atm#17(Zn)_wfc#3(d)
-rw-r--r-- amuhaymin/amuhaymin 143312 2024-07-07 02:04 Co_vac_in_ZnS.q0.unrlxd.pdos_atm#18(Zn)_wfc#1(s)
-rw-r--r-- amuhaymin/amuhaymin 262288 2024-07-07 02:04 Co_vac_in_ZnS.q0.unrlxd.pdos_atm#18(Zn)_wfc#2(p)
-rw-r--r-- amuhaymin/amuhaymin 381264 2024-07-07 02:04 Co_vac_in_ZnS.q0.unrlxd.pdos_atm#18(Zn)_wfc#3(d)
-rw-r--r-- amuhaymin/amuhaymin 143312 2024-07-07 02:04 Co_vac_in_ZnS.q0.unrlxd.pdos_atm#19(Zn)_wfc#1(s)
-rw-r--r-- amuhaymin/amuhaymin 262288 2024-07-07 02:04 Co_vac_in_ZnS.q0.unrlxd.pdos_atm#19(Zn)_wfc#2(p)
-rw-r--r-- amuhaymin/amuhaymin 381264 2024-07-07 02:04 Co_vac_in_ZnS.q0.unrlxd.pdos_atm#19(Zn)_wfc#3(d)
-rw-r--r-- amuhaymin/amuhaymin 143312 2024-07-07 02:04 Co_vac_in_ZnS.q0.unrlxd.pdos_atm#1(Zn)_wfc#1(s)
-rw-r--r-- amuhaymin/amuhaymin 262288 2024-07-07 02:04 Co_vac_in_ZnS.q0.unrlxd.pdos_atm#1(Zn)_wfc#2(p)
-rw-r--r-- amuhaymin/amuhaymin 381264 2024-07-07 02:04 Co_vac_in_ZnS.q0.unrlxd.pdos_atm#1(Zn)_wfc#3(d)
-rw-r--r-- amuhaymin/amuhaymin 143312 2024-07-07 02:04 Co_vac_in_ZnS.q0.unrlxd.pdos_atm#20(Zn)_wfc#1(s)
-rw-r--r-- amuhaymin/amuhaymin 262288 2024-07-07 02:04 Co_vac_in_ZnS.q0.unrlxd.pdos_atm#20(Zn)_wfc#2(p)
-rw-r--r-- amuhaymin/amuhaymin 381264 2024-07-07 02:04 Co_vac_in_ZnS.q0.unrlxd.pdos_atm#20(Zn)_wfc#3(d)
-rw-r--r-- amuhaymin/amuhaymin 143312 2024-07-07 02:04 Co_vac_in_ZnS.q0.unrlxd.pdos_atm#21(S)_wfc#1(s)
-rw-r--r-- amuhaymin/amuhaymin 262288 2024-07-07 02:04 Co_vac_in_ZnS.q0.unrlxd.pdos_atm#21(S)_wfc#2(p)
-rw-r--r-- amuhaymin/amuhaymin 143312 2024-07-07 02:04 Co_vac_in_ZnS.q0.unrlxd.pdos_atm#22(S)_wfc#1(s)
-rw-r--r-- amuhaymin/amuhaymin 262288 2024-07-07 02:04 Co_vac_in_ZnS.q0.unrlxd.pdos_atm#22(S)_wfc#2(p)
-rw-r--r-- amuhaymin/amuhaymin 143312 2024-07-07 02:04 Co_vac_in_ZnS.q0.unrlxd.pdos_atm#23(S)_wfc#1(s)
-rw-r--r-- amuhaymin/amuhaymin 262288 2024-07-07 02:04 Co_vac_in_ZnS.q0.unrlxd.pdos_atm#23(S)_wfc#2(p)
-rw-r--r-- amuhaymin/amuhaymin 143312 2024-07-07 02:04 Co_vac_in_ZnS.q0.unrlxd.pdos_atm#24(S)_wfc#1(s)
-rw-r--r-- amuhaymin/amuhaymin 262288 2024-07-07 02:04 Co_vac_in_ZnS.q0.unrlxd.pdos_atm#24(S)_wfc#2(p)
-rw-r--r-- amuhaymin/amuhaymin 143312 2024-07-07 02:04 Co_vac_in_ZnS.q0.unrlxd.pdos_atm#25(Zn)_wfc#1(s)
-rw-r--r-- amuhaymin/amuhaymin 262288 2024-07-07 02:04 Co_vac_in_ZnS.q0.unrlxd.pdos_atm#25(Zn)_wfc#2(p)
-rw-r--r-- amuhaymin/amuhaymin 381264 2024-07-07 02:04 Co_vac_in_ZnS.q0.unrlxd.pdos_atm#25(Zn)_wfc#3(d)
-rw-r--r-- amuhaymin/amuhaymin 143312 2024-07-07 02:04 Co_vac_in_ZnS.q0.unrlxd.pdos_atm#26(Zn)_wfc#1(s)
-rw-r--r-- amuhaymin/amuhaymin 262288 2024-07-07 02:04 Co_vac_in_ZnS.q0.unrlxd.pdos_atm#26(Zn)_wfc#2(p)
-rw-r--r-- amuhaymin/amuhaymin 381264 2024-07-07 02:04 Co_vac_in_ZnS.q0.unrlxd.pdos_atm#26(Zn)_wfc#3(d)
-rw-r--r-- amuhaymin/amuhaymin 143312 2024-07-07 02:04 Co_vac_in_ZnS.q0.unrlxd.pdos_atm#27(Zn)_wfc#1(s)
-rw-r--r-- amuhaymin/amuhaymin 262288 2024-07-07 02:04 Co_vac_in_ZnS.q0.unrlxd.pdos_atm#27(Zn)_wfc#2(p)
-rw-r--r-- amuhaymin/amuhaymin 381264 2024-07-07 02:04 Co_vac_in_ZnS.q0.unrlxd.pdos_atm#27(Zn)_wfc#3(d)
-rw-r--r-- amuhaymin/amuhaymin 143312 2024-07-07 02:04 Co_vac_in_ZnS.q0.unrlxd.pdos_atm#28(Zn)_wfc#1(s)
-rw-r--r-- amuhaymin/amuhaymin 262288 2024-07-07 02:04 Co_vac_in_ZnS.q0.unrlxd.pdos_atm#28(Zn)_wfc#2(p)
-rw-r--r-- amuhaymin/amuhaymin 381264 2024-07-07 02:04 Co_vac_in_ZnS.q0.unrlxd.pdos_atm#28(Zn)_wfc#3(d)
-rw-r--r-- amuhaymin/amuhaymin 143312 2024-07-07 02:04 Co_vac_in_ZnS.q0.unrlxd.pdos_atm#29(S)_wfc#1(s)
-rw-r--r-- amuhaymin/amuhaymin 262288 2024-07-07 02:04 Co_vac_in_ZnS.q0.unrlxd.pdos_atm#29(S)_wfc#2(p)
-rw-r--r-- amuhaymin/amuhaymin 143312 2024-07-07 02:04 Co_vac_in_ZnS.q0.unrlxd.pdos_atm#2(Zn)_wfc#1(s)
-rw-r--r-- amuhaymin/amuhaymin 262288 2024-07-07 02:04 Co_vac_in_ZnS.q0.unrlxd.pdos_atm#2(Zn)_wfc#2(p)
-rw-r--r-- amuhaymin/amuhaymin 381264 2024-07-07 02:04 Co_vac_in_ZnS.q0.unrlxd.pdos_atm#2(Zn)_wfc#3(d)
-rw-r--r-- amuhaymin/amuhaymin 143312 2024-07-07 02:04 Co_vac_in_ZnS.q0.unrlxd.pdos_atm#30(S)_wfc#1(s)
-rw-r--r-- amuhaymin/amuhaymin 262288 2024-07-07 02:04 Co_vac_in_ZnS.q0.unrlxd.pdos_atm#30(S)_wfc#2(p)
-rw-r--r-- amuhaymin/amuhaymin 143312 2024-07-07 02:04 Co_vac_in_ZnS.q0.unrlxd.pdos_atm#31(S)_wfc#1(s)
-rw-r--r-- amuhaymin/amuhaymin 262288 2024-07-07 02:04 Co_vac_in_ZnS.q0.unrlxd.pdos_atm#31(S)_wfc#2(p)
-rw-r--r-- amuhaymin/amuhaymin 143312 2024-07-07 02:04 Co_vac_in_ZnS.q0.unrlxd.pdos_atm#32(S)_wfc#1(s)
-rw-r--r-- amuhaymin/amuhaymin 262288 2024-07-07 02:04 Co_vac_in_ZnS.q0.unrlxd.pdos_atm#32(S)_wfc#2(p)
-rw-r--r-- amuhaymin/amuhaymin 143312 2024-07-07 02:04 Co_vac_in_ZnS.q0.unrlxd.pdos_atm#33(Zn)_wfc#1(s)
-rw-r--r-- amuhaymin/amuhaymin 262288 2024-07-07 02:04 Co_vac_in_ZnS.q0.unrlxd.pdos_atm#33(Zn)_wfc#2(p)
-rw-r--r-- amuhaymin/amuhaymin 381264 2024-07-07 02:04 Co_vac_in_ZnS.q0.unrlxd.pdos_atm#33(Zn)_wfc#3(d)
-rw-r--r-- amuhaymin/amuhaymin 143312 2024-07-07 02:04 Co_vac_in_ZnS.q0.unrlxd.pdos_atm#34(Zn)_wfc#1(s)
-rw-r--r-- amuhaymin/amuhaymin 262288 2024-07-07 02:04 Co_vac_in_ZnS.q0.unrlxd.pdos_atm#34(Zn)_wfc#2(p)
-rw-r--r-- amuhaymin/amuhaymin 381264 2024-07-07 02:04 Co_vac_in_ZnS.q0.unrlxd.pdos_atm#34(Zn)_wfc#3(d)
-rw-r--r-- amuhaymin/amuhaymin 143312 2024-07-07 02:04 Co_vac_in_ZnS.q0.unrlxd.pdos_atm#35(Zn)_wfc#1(s)
-rw-r--r-- amuhaymin/amuhaymin 262288 2024-07-07 02:04 Co_vac_in_ZnS.q0.unrlxd.pdos_atm#35(Zn)_wfc#2(p)
-rw-r--r-- amuhaymin/amuhaymin 381264 2024-07-07 02:04 Co_vac_in_ZnS.q0.unrlxd.pdos_atm#35(Zn)_wfc#3(d)
-rw-r--r-- amuhaymin/amuhaymin 143312 2024-07-07 02:04 Co_vac_in_ZnS.q0.unrlxd.pdos_atm#36(Zn)_wfc#1(s)
-rw-r--r-- amuhaymin/amuhaymin 262288 2024-07-07 02:04 Co_vac_in_ZnS.q0.unrlxd.pdos_atm#36(Zn)_wfc#2(p)
-rw-r--r-- amuhaymin/amuhaymin 381264 2024-07-07 02:04 Co_vac_in_ZnS.q0.unrlxd.pdos_atm#36(Zn)_wfc#3(d)
-rw-r--r-- amuhaymin/amuhaymin 143312 2024-07-07 02:04 Co_vac_in_ZnS.q0.unrlxd.pdos_atm#37(S)_wfc#1(s)
-rw-r--r-- amuhaymin/amuhaymin 262288 2024-07-07 02:04 Co_vac_in_ZnS.q0.unrlxd.pdos_atm#37(S)_wfc#2(p)
-rw-r--r-- amuhaymin/amuhaymin 143312 2024-07-07 02:04 Co_vac_in_ZnS.q0.unrlxd.pdos_atm#38(S)_wfc#1(s)
-rw-r--r-- amuhaymin/amuhaymin 262288 2024-07-07 02:04 Co_vac_in_ZnS.q0.unrlxd.pdos_atm#38(S)_wfc#2(p)
-rw-r--r-- amuhaymin/amuhaymin 143312 2024-07-07 02:04 Co_vac_in_ZnS.q0.unrlxd.pdos_atm#39(S)_wfc#1(s)
-rw-r--r-- amuhaymin/amuhaymin 262288 2024-07-07 02:04 Co_vac_in_ZnS.q0.unrlxd.pdos_atm#39(S)_wfc#2(p)
-rw-r--r-- amuhaymin/amuhaymin 143312 2024-07-07 02:04 Co_vac_in_ZnS.q0.unrlxd.pdos_atm#3(Zn)_wfc#1(s)
-rw-r--r-- amuhaymin/amuhaymin 262288 2024-07-07 02:04 Co_vac_in_ZnS.q0.unrlxd.pdos_atm#3(Zn)_wfc#2(p)
-rw-r--r-- amuhaymin/amuhaymin 381264 2024-07-07 02:04 Co_vac_in_ZnS.q0.unrlxd.pdos_atm#3(Zn)_wfc#3(d)
-rw-r--r-- amuhaymin/amuhaymin 143312 2024-07-07 02:04 Co_vac_in_ZnS.q0.unrlxd.pdos_atm#40(S)_wfc#1(s)
-rw-r--r-- amuhaymin/amuhaymin 262288 2024-07-07 02:04 Co_vac_in_ZnS.q0.unrlxd.pdos_atm#40(S)_wfc#2(p)
-rw-r--r-- amuhaymin/amuhaymin 143312 2024-07-07 02:04 Co_vac_in_ZnS.q0.unrlxd.pdos_atm#41(Zn)_wfc#1(s)
-rw-r--r-- amuhaymin/amuhaymin 262288 2024-07-07 02:04 Co_vac_in_ZnS.q0.unrlxd.pdos_atm#41(Zn)_wfc#2(p)
-rw-r--r-- amuhaymin/amuhaymin 381264 2024-07-07 02:04 Co_vac_in_ZnS.q0.unrlxd.pdos_atm#41(Zn)_wfc#3(d)
-rw-r--r-- amuhaymin/amuhaymin 143312 2024-07-07 02:04 Co_vac_in_ZnS.q0.unrlxd.pdos_atm#42(Zn)_wfc#1(s)
-rw-r--r-- amuhaymin/amuhaymin 262288 2024-07-07 02:04 Co_vac_in_ZnS.q0.unrlxd.pdos_atm#42(Zn)_wfc#2(p)
-rw-r--r-- amuhaymin/amuhaymin 381264 2024-07-07 02:04 Co_vac_in_ZnS.q0.unrlxd.pdos_atm#42(Zn)_wfc#3(d)
-rw-r--r-- amuhaymin/amuhaymin 143312 2024-07-07 02:04 Co_vac_in_ZnS.q0.unrlxd.pdos_atm#43(Zn)_wfc#1(s)
-rw-r--r-- amuhaymin/amuhaymin 262288 2024-07-07 02:04 Co_vac_in_ZnS.q0.unrlxd.pdos_atm#43(Zn)_wfc#2(p)
-rw-r--r-- amuhaymin/amuhaymin 381264 2024-07-07 02:04 Co_vac_in_ZnS.q0.unrlxd.pdos_atm#43(Zn)_wfc#3(d)
-rw-r--r-- amuhaymin/amuhaymin 143312 2024-07-07 02:04 Co_vac_in_ZnS.q0.unrlxd.pdos_atm#44(Zn)_wfc#1(s)
-rw-r--r-- amuhaymin/amuhaymin 262288 2024-07-07 02:04 Co_vac_in_ZnS.q0.unrlxd.pdos_atm#44(Zn)_wfc#2(p)
-rw-r--r-- amuhaymin/amuhaymin 381264 2024-07-07 02:04 Co_vac_in_ZnS.q0.unrlxd.pdos_atm#44(Zn)_wfc#3(d)
-rw-r--r-- amuhaymin/amuhaymin 143312 2024-07-07 02:04 Co_vac_in_ZnS.q0.unrlxd.pdos_atm#45(S)_wfc#1(s)
-rw-r--r-- amuhaymin/amuhaymin 262288 2024-07-07 02:04 Co_vac_in_ZnS.q0.unrlxd.pdos_atm#45(S)_wfc#2(p)
-rw-r--r-- amuhaymin/amuhaymin 143312 2024-07-07 02:04 Co_vac_in_ZnS.q0.unrlxd.pdos_atm#46(S)_wfc#1(s)
-rw-r--r-- amuhaymin/amuhaymin 262288 2024-07-07 02:04 Co_vac_in_ZnS.q0.unrlxd.pdos_atm#46(S)_wfc#2(p)
-rw-r--r-- amuhaymin/amuhaymin 143312 2024-07-07 02:04 Co_vac_in_ZnS.q0.unrlxd.pdos_atm#47(S)_wfc#1(s)
-rw-r--r-- amuhaymin/amuhaymin 262288 2024-07-07 02:04 Co_vac_in_ZnS.q0.unrlxd.pdos_atm#47(S)_wfc#2(p)
-rw-r--r-- amuhaymin/amuhaymin 143312 2024-07-07 02:04 Co_vac_in_ZnS.q0.unrlxd.pdos_atm#48(S)_wfc#1(s)
-rw-r--r-- amuhaymin/amuhaymin 262288 2024-07-07 02:04 Co_vac_in_ZnS.q0.unrlxd.pdos_atm#48(S)_wfc#2(p)
-rw-r--r-- amuhaymin/amuhaymin 143312 2024-07-07 02:04 Co_vac_in_ZnS.q0.unrlxd.pdos_atm#49(Zn)_wfc#1(s)
-rw-r--r-- amuhaymin/amuhaymin 262288 2024-07-07 02:04 Co_vac_in_ZnS.q0.unrlxd.pdos_atm#49(Zn)_wfc#2(p)
-rw-r--r-- amuhaymin/amuhaymin 381264 2024-07-07 02:04 Co_vac_in_ZnS.q0.unrlxd.pdos_atm#49(Zn)_wfc#3(d)
-rw-r--r-- amuhaymin/amuhaymin 143312 2024-07-07 02:04 Co_vac_in_ZnS.q0.unrlxd.pdos_atm#4(Zn)_wfc#1(s)
-rw-r--r-- amuhaymin/amuhaymin 262288 2024-07-07 02:04 Co_vac_in_ZnS.q0.unrlxd.pdos_atm#4(Zn)_wfc#2(p)
-rw-r--r-- amuhaymin/amuhaymin 381264 2024-07-07 02:04 Co_vac_in_ZnS.q0.unrlxd.pdos_atm#4(Zn)_wfc#3(d)
-rw-r--r-- amuhaymin/amuhaymin 143312 2024-07-07 02:04 Co_vac_in_ZnS.q0.unrlxd.pdos_atm#50(Zn)_wfc#1(s)
-rw-r--r-- amuhaymin/amuhaymin 262288 2024-07-07 02:04 Co_vac_in_ZnS.q0.unrlxd.pdos_atm#50(Zn)_wfc#2(p)
-rw-r--r-- amuhaymin/amuhaymin 381264 2024-07-07 02:04 Co_vac_in_ZnS.q0.unrlxd.pdos_atm#50(Zn)_wfc#3(d)
-rw-r--r-- amuhaymin/amuhaymin 143312 2024-07-07 02:04 Co_vac_in_ZnS.q0.unrlxd.pdos_atm#51(Zn)_wfc#1(s)
-rw-r--r-- amuhaymin/amuhaymin 262288 2024-07-07 02:04 Co_vac_in_ZnS.q0.unrlxd.pdos_atm#51(Zn)_wfc#2(p)
-rw-r--r-- amuhaymin/amuhaymin 381264 2024-07-07 02:04 Co_vac_in_ZnS.q0.unrlxd.pdos_atm#51(Zn)_wfc#3(d)
-rw-r--r-- amuhaymin/amuhaymin 143312 2024-07-07 02:04 Co_vac_in_ZnS.q0.unrlxd.pdos_atm#52(Zn)_wfc#1(s)
-rw-r--r-- amuhaymin/amuhaymin 262288 2024-07-07 02:04 Co_vac_in_ZnS.q0.unrlxd.pdos_atm#52(Zn)_wfc#2(p)
-rw-r--r-- amuhaymin/amuhaymin 381264 2024-07-07 02:04 Co_vac_in_ZnS.q0.unrlxd.pdos_atm#52(Zn)_wfc#3(d)
-rw-r--r-- amuhaymin/amuhaymin 143312 2024-07-07 02:04 Co_vac_in_ZnS.q0.unrlxd.pdos_atm#53(S)_wfc#1(s)
-rw-r--r-- amuhaymin/amuhaymin 262288 2024-07-07 02:04 Co_vac_in_ZnS.q0.unrlxd.pdos_atm#53(S)_wfc#2(p)
-rw-r--r-- amuhaymin/amuhaymin 143312 2024-07-07 02:04 Co_vac_in_ZnS.q0.unrlxd.pdos_atm#54(S)_wfc#1(s)
-rw-r--r-- amuhaymin/amuhaymin 262288 2024-07-07 02:04 Co_vac_in_ZnS.q0.unrlxd.pdos_atm#54(S)_wfc#2(p)
-rw-r--r-- amuhaymin/amuhaymin 143312 2024-07-07 02:04 Co_vac_in_ZnS.q0.unrlxd.pdos_atm#55(S)_wfc#1(s)
-rw-r--r-- amuhaymin/amuhaymin 262288 2024-07-07 02:04 Co_vac_in_ZnS.q0.unrlxd.pdos_atm#55(S)_wfc#2(p)
-rw-r--r-- amuhaymin/amuhaymin 143312 2024-07-07 02:04 Co_vac_in_ZnS.q0.unrlxd.pdos_atm#56(S)_wfc#1(s)
-rw-r--r-- amuhaymin/amuhaymin 262288 2024-07-07 02:04 Co_vac_in_ZnS.q0.unrlxd.pdos_atm#56(S)_wfc#2(p)
-rw-r--r-- amuhaymin/amuhaymin 143312 2024-07-07 02:04 Co_vac_in_ZnS.q0.unrlxd.pdos_atm#57(Co)_wfc#1(s)
-rw-r--r-- amuhaymin/amuhaymin 143312 2024-07-07 02:04 Co_vac_in_ZnS.q0.unrlxd.pdos_atm#57(Co)_wfc#2(s)
-rw-r--r-- amuhaymin/amuhaymin 262288 2024-07-07 02:04 Co_vac_in_ZnS.q0.unrlxd.pdos_atm#57(Co)_wfc#3(p)
-rw-r--r-- amuhaymin/amuhaymin 381264 2024-07-07 02:04 Co_vac_in_ZnS.q0.unrlxd.pdos_atm#57(Co)_wfc#4(d)
-rw-r--r-- amuhaymin/amuhaymin 143312 2024-07-07 02:04 Co_vac_in_ZnS.q0.unrlxd.pdos_atm#58(Zn)_wfc#1(s)
-rw-r--r-- amuhaymin/amuhaymin 262288 2024-07-07 02:04 Co_vac_in_ZnS.q0.unrlxd.pdos_atm#58(Zn)_wfc#2(p)
-rw-r--r-- amuhaymin/amuhaymin 381264 2024-07-07 02:04 Co_vac_in_ZnS.q0.unrlxd.pdos_atm#58(Zn)_wfc#3(d)
-rw-r--r-- amuhaymin/amuhaymin 143312 2024-07-07 02:04 Co_vac_in_ZnS.q0.unrlxd.pdos_atm#59(Zn)_wfc#1(s)
-rw-r--r-- amuhaymin/amuhaymin 262288 2024-07-07 02:04 Co_vac_in_ZnS.q0.unrlxd.pdos_atm#59(Zn)_wfc#2(p)
-rw-r--r-- amuhaymin/amuhaymin 381264 2024-07-07 02:04 Co_vac_in_ZnS.q0.unrlxd.pdos_atm#59(Zn)_wfc#3(d)
-rw-r--r-- amuhaymin/amuhaymin 143312 2024-07-07 02:04 Co_vac_in_ZnS.q0.unrlxd.pdos_atm#5(S)_wfc#1(s)
-rw-r--r-- amuhaymin/amuhaymin 262288 2024-07-07 02:04 Co_vac_in_ZnS.q0.unrlxd.pdos_atm#5(S)_wfc#2(p)
-rw-r--r-- amuhaymin/amuhaymin 143312 2024-07-07 02:04 Co_vac_in_ZnS.q0.unrlxd.pdos_atm#60(Zn)_wfc#1(s)
-rw-r--r-- amuhaymin/amuhaymin 262288 2024-07-07 02:04 Co_vac_in_ZnS.q0.unrlxd.pdos_atm#60(Zn)_wfc#2(p)
-rw-r--r-- amuhaymin/amuhaymin 381264 2024-07-07 02:04 Co_vac_in_ZnS.q0.unrlxd.pdos_atm#60(Zn)_wfc#3(d)
-rw-r--r-- amuhaymin/amuhaymin 143312 2024-07-07 02:04 Co_vac_in_ZnS.q0.unrlxd.pdos_atm#61(S)_wfc#1(s)
-rw-r--r-- amuhaymin/amuhaymin 262288 2024-07-07 02:04 Co_vac_in_ZnS.q0.unrlxd.pdos_atm#61(S)_wfc#2(p)
-rw-r--r-- amuhaymin/amuhaymin 143312 2024-07-07 02:04 Co_vac_in_ZnS.q0.unrlxd.pdos_atm#62(S)_wfc#1(s)
-rw-r--r-- amuhaymin/amuhaymin 262288 2024-07-07 02:04 Co_vac_in_ZnS.q0.unrlxd.pdos_atm#62(S)_wfc#2(p)
-rw-r--r-- amuhaymin/amuhaymin 143312 2024-07-07 02:04 Co_vac_in_ZnS.q0.unrlxd.pdos_atm#63(S)_wfc#1(s)
-rw-r--r-- amuhaymin/amuhaymin 262288 2024-07-07 02:04 Co_vac_in_ZnS.q0.unrlxd.pdos_atm#63(S)_wfc#2(p)
-rw-r--r-- amuhaymin/amuhaymin 143312 2024-07-07 02:04 Co_vac_in_ZnS.q0.unrlxd.pdos_atm#6(S)_wfc#1(s)
-rw-r--r-- amuhaymin/amuhaymin 262288 2024-07-07 02:04 Co_vac_in_ZnS.q0.unrlxd.pdos_atm#6(S)_wfc#2(p)
-rw-r--r-- amuhaymin/amuhaymin 143312 2024-07-07 02:04 Co_vac_in_ZnS.q0.unrlxd.pdos_atm#7(S)_wfc#1(s)
-rw-r--r-- amuhaymin/amuhaymin 262288 2024-07-07 02:04 Co_vac_in_ZnS.q0.unrlxd.pdos_atm#7(S)_wfc#2(p)
-rw-r--r-- amuhaymin/amuhaymin 143312 2024-07-07 02:04 Co_vac_in_ZnS.q0.unrlxd.pdos_atm#8(S)_wfc#1(s)
-rw-r--r-- amuhaymin/amuhaymin 262288 2024-07-07 02:04 Co_vac_in_ZnS.q0.unrlxd.pdos_atm#8(S)_wfc#2(p)
-rw-r--r-- amuhaymin/amuhaymin 143312 2024-07-07 02:04 Co_vac_in_ZnS.q0.unrlxd.pdos_atm#9(Zn)_wfc#1(s)
-rw-r--r-- amuhaymin/amuhaymin 262288 2024-07-07 02:04 Co_vac_in_ZnS.q0.unrlxd.pdos_atm#9(Zn)_wfc#2(p)
-rw-r--r-- amuhaymin/amuhaymin 381264 2024-07-07 02:04 Co_vac_in_ZnS.q0.unrlxd.pdos_atm#9(Zn)_wfc#3(d)
-rw-r--r-- amuhaymin/amuhaymin 143311 2024-07-07 02:04 Co_vac_in_ZnS.q0.unrlxd.pdos_tot
