Reading mesh+cell...
mesh=162 x 162 x 162
Reading atoms...
New species Z=30
New species Z=16
New species Z=27
Reading potential...
cell defect = [a1={20.5685,0,0},a2={0,20.5685,0},a3={0,0,20.5685}]
Reading mesh+cell...
mesh=162 x 162 x 162
Reading atoms...
New species Z=30
New species Z=16
Reading potential...
cell bulk = [a1={20.5685,0,0},a2={0,20.5685,0},a3={0,0,20.5685}]
Excess Electrons = 0 located at {10.2843,10.2843,10.2843}
Atomic structure specified.
ng=269824
V average: 0 eV
vAlign=0.02613 eV
+-----------------------------------------------------------------------------
=== Intermediate results (unscreened) ===
Isolated energy       : 0
Periodic energy       : 0
Difference (Hartree)  : 0
Difference (eV)       : 0
+-----------------------------------------------------------------------------
Calculation performed with epsilon = 8.9
+-----------------------------------------------------------------------------
Defect correction (eV): 0 (incl. screening & alignment)
