Reading mesh+cell...
mesh=162 x 162 x 162
Reading atoms...
New species Z=30
New species Z=16
New species Z=27
Reading potential...
cell defect = [a1={20.5685,0,0},a2={0,20.5685,0},a3={0,0,20.5685}]
Reading mesh+cell...
mesh=162 x 162 x 162
Reading atoms...
New species Z=30
New species Z=16
Reading potential...
cell bulk = [a1={20.5685,0,0},a2={0,20.5685,0},a3={0,0,20.5685}]
Excess Electrons = -1 located at {10.2843,10.2843,10.2843}
Atomic structure specified.
ng=269824
V average: 0.00982411 eV
vAlign=-0.028261 eV
+-----------------------------------------------------------------------------
=== Intermediate results (unscreened) ===
Isolated energy       : 0.398942
Periodic energy       : 0.32997
Difference (Hartree)  : -0.0689719
Difference (eV)       : -1.87682
+-----------------------------------------------------------------------------
Calculation performed with epsilon = 8.9
+-----------------------------------------------------------------------------
Defect correction (eV): 0.182618 (incl. screening & alignment)
